2018-01-06 11:38:05.321  INFO [-,,,] 17240 --- [restartedMain] c.e.t.s.SpringotamashiApplication        : No active profile set, falling back to default profiles: default
2018-01-06 11:38:05.336  INFO [-,,,] 17240 --- [restartedMain] ConfigServletWebServerApplicationContext : Refreshing org.springframework.boot.web.servlet.context.AnnotationConfigServletWebServerApplicationContext@4612aebe: startup date [Sat Jan 06 11:38:05 JST 2018]; parent: org.springframework.context.annotation.AnnotationConfigApplicationContext@2a583a3
2018-01-06 11:38:06.531  INFO [-,,,] 17240 --- [restartedMain] o.s.b.f.s.DefaultListableBeanFactory     : Overriding bean definition for bean 'httpRequestHandlerAdapter' with a different definition: replacing [Root bean: class [null]; scope=; abstract=false; lazyInit=false; autowireMode=3; dependencyCheck=0; autowireCandidate=true; primary=false; factoryBeanName=org.springframework.boot.autoconfigure.web.servlet.WebMvcAutoConfiguration$EnableWebMvcConfiguration; factoryMethodName=httpRequestHandlerAdapter; initMethodName=null; destroyMethodName=(inferred); defined in class path resource [org/springframework/boot/autoconfigure/web/servlet/WebMvcAutoConfiguration$EnableWebMvcConfiguration.class]] with [Root bean: class [null]; scope=; abstract=false; lazyInit=false; autowireMode=3; dependencyCheck=0; autowireCandidate=true; primary=false; factoryBeanName=org.springframework.data.rest.webmvc.config.RepositoryRestMvcConfiguration; factoryMethodName=httpRequestHandlerAdapter; initMethodName=null; destroyMethodName=(inferred); defined in class path resource [org/springframework/data/rest/webmvc/config/RepositoryRestMvcConfiguration.class]]
2018-01-06 11:38:06.873  INFO [-,,,] 17240 --- [restartedMain] o.s.cloud.context.scope.GenericScope     : BeanFactory id=d291a79c-a7b4-34ff-9b5c-fe1d79ac4520
2018-01-06 11:38:06.963  INFO [-,,,] 17240 --- [restartedMain] trationDelegate$BeanPostProcessorChecker : Bean 'org.springframework.cloud.sleuth.instrument.async.AsyncDefaultAutoConfiguration$DefaultAsyncConfigurerSupport' of type [org.springframework.cloud.sleuth.instrument.async.AsyncDefaultAutoConfiguration$DefaultAsyncConfigurerSupport$$EnhancerBySpringCGLIB$$d2319c82] is not eligible for getting processed by all BeanPostProcessors (for example: not eligible for auto-proxying)
2018-01-06 11:38:07.046  INFO [-,,,] 17240 --- [restartedMain] trationDelegate$BeanPostProcessorChecker : Bean 'org.springframework.cloud.sleuth.annotation.SleuthAnnotationAutoConfiguration' of type [org.springframework.cloud.sleuth.annotation.SleuthAnnotationAutoConfiguration$$EnhancerBySpringCGLIB$$975544f1] is not eligible for getting processed by all BeanPostProcessors (for example: not eligible for auto-proxying)
2018-01-06 11:38:07.207  INFO [-,,,] 17240 --- [restartedMain] trationDelegate$BeanPostProcessorChecker : Bean 'sleuthAdvisorConfig' of type [org.springframework.cloud.sleuth.annotation.SleuthAdvisorConfig] is not eligible for getting processed by all BeanPostProcessors (for example: not eligible for auto-proxying)
2018-01-06 11:38:07.217  INFO [-,,,] 17240 --- [restartedMain] trationDelegate$BeanPostProcessorChecker : Bean 'org.springframework.transaction.annotation.ProxyTransactionManagementConfiguration' of type [org.springframework.transaction.annotation.ProxyTransactionManagementConfiguration$$EnhancerBySpringCGLIB$$94effebf] is not eligible for getting processed by all BeanPostProcessors (for example: not eligible for auto-proxying)
2018-01-06 11:38:07.281  INFO [-,,,] 17240 --- [restartedMain] trationDelegate$BeanPostProcessorChecker : Bean 'org.springframework.cloud.autoconfigure.ConfigurationPropertiesRebinderAutoConfiguration' of type [org.springframework.cloud.autoconfigure.ConfigurationPropertiesRebinderAutoConfiguration$$EnhancerBySpringCGLIB$$b10a01bc] is not eligible for getting processed by all BeanPostProcessors (for example: not eligible for auto-proxying)
2018-01-06 11:38:07.294  INFO [-,,,] 17240 --- [restartedMain] trationDelegate$BeanPostProcessorChecker : Bean 'org.springframework.cloud.sleuth.instrument.async.AsyncDefaultAutoConfiguration' of type [org.springframework.cloud.sleuth.instrument.async.AsyncDefaultAutoConfiguration$$EnhancerBySpringCGLIB$$7cd3aade] is not eligible for getting processed by all BeanPostProcessors (for example: not eligible for auto-proxying)
2018-01-06 11:38:07.309  INFO [-,,,] 17240 --- [restartedMain] trationDelegate$BeanPostProcessorChecker : Bean 'org.springframework.cloud.sleuth.instrument.web.TraceWebServletAutoConfiguration' of type [org.springframework.cloud.sleuth.instrument.web.TraceWebServletAutoConfiguration$$EnhancerBySpringCGLIB$$579e8705] is not eligible for getting processed by all BeanPostProcessors (for example: not eligible for auto-proxying)
2018-01-06 11:38:07.919  INFO [-,,,] 17240 --- [restartedMain] o.s.b.w.embedded.tomcat.TomcatWebServer  : Tomcat initialized with port(s): 8080 (http)
2018-01-06 11:38:07.930  INFO [-,,,] 17240 --- [restartedMain] o.apache.catalina.core.StandardService   : Starting service [Tomcat]
2018-01-06 11:38:07.931  INFO [-,,,] 17240 --- [restartedMain] org.apache.catalina.core.StandardEngine  : Starting Servlet Engine: Apache Tomcat/8.5.23
2018-01-06 11:38:07.940  INFO [-,,,] 17240 --- [localhost-startStop-1] o.a.catalina.core.AprLifecycleListener   : The APR based Apache Tomcat Native library which allows optimal performance in production environments was not found on the java.library.path: [/Users/hiromitakahashi/Library/Java/Extensions:/Library/Java/Extensions:/Network/Library/Java/Extensions:/System/Library/Java/Extensions:/usr/lib/java:.]
2018-01-06 11:38:08.142  INFO [-,,,] 17240 --- [localhost-startStop-1] o.a.c.c.C.[Tomcat].[localhost].[/]       : Initializing Spring embedded WebApplicationContext
2018-01-06 11:38:08.143  INFO [-,,,] 17240 --- [localhost-startStop-1] o.s.web.context.ContextLoader            : Root WebApplicationContext: initialization completed in 2807 ms
2018-01-06 11:38:08.412  INFO [-,,,] 17240 --- [localhost-startStop-1] o.s.b.w.servlet.FilterRegistrationBean   : Mapping filter: 'characterEncodingFilter' to: [/*]
2018-01-06 11:38:08.413  INFO [-,,,] 17240 --- [localhost-startStop-1] o.s.b.w.servlet.FilterRegistrationBean   : Mapping filter: 'traceFilter' to: [/*]
2018-01-06 11:38:08.413  INFO [-,,,] 17240 --- [localhost-startStop-1] o.s.b.w.servlet.FilterRegistrationBean   : Mapping filter: 'hiddenHttpMethodFilter' to: [/*]
2018-01-06 11:38:08.413  INFO [-,,,] 17240 --- [localhost-startStop-1] o.s.b.w.servlet.FilterRegistrationBean   : Mapping filter: 'httpPutFormContentFilter' to: [/*]
2018-01-06 11:38:08.413  INFO [-,,,] 17240 --- [localhost-startStop-1] o.s.b.w.servlet.FilterRegistrationBean   : Mapping filter: 'requestContextFilter' to: [/*]
2018-01-06 11:38:08.414  INFO [-,,,] 17240 --- [localhost-startStop-1] .s.DelegatingFilterProxyRegistrationBean : Mapping filter: 'springSecurityFilterChain' to: [/*]
2018-01-06 11:38:08.414  INFO [-,,,] 17240 --- [localhost-startStop-1] o.s.b.w.servlet.ServletRegistrationBean  : Mapping servlet: 'dispatcherServlet' to [/]
2018-01-06 11:38:08.417  INFO [-,,,] 17240 --- [localhost-startStop-1] o.s.b.w.servlet.ServletRegistrationBean  : Mapping servlet: 'webServlet' to [/h2-console/*]
2018-01-06 11:38:08.637  INFO [-,,,] 17240 --- [restartedMain] com.zaxxer.hikari.HikariDataSource       : testdb - Starting...
2018-01-06 11:38:08.784  INFO [-,,,] 17240 --- [restartedMain] jdbc.connection                          : 1. Connection opened
2018-01-06 11:38:08.784  INFO [-,,,] 17240 --- [restartedMain] jdbc.audit                               : 1. Connection.new Connection returned 
2018-01-06 11:38:08.784  INFO [-,,,] 17240 --- [restartedMain] com.zaxxer.hikari.pool.PoolBase          : testdb - Driver does not support get/set network timeout for connections. (net.sf.log4jdbc.ConnectionSpy.getNetworkTimeout()I)
2018-01-06 11:38:08.784  INFO [-,,,] 17240 --- [restartedMain] jdbc.audit                               : 1. Connection.setReadOnly(false) returned 
2018-01-06 11:38:08.785  INFO [-,,,] 17240 --- [restartedMain] jdbc.audit                               : 1. Connection.setAutoCommit(true) returned 
2018-01-06 11:38:08.794  INFO [-,,,] 17240 --- [restartedMain] jdbc.audit                               : 1. Connection.isValid(1) returned true
2018-01-06 11:38:08.794  INFO [-,,,] 17240 --- [restartedMain] jdbc.audit                               : 1. Connection.getTransactionIsolation() returned 2
2018-01-06 11:38:08.799  INFO [-,,,] 17240 --- [restartedMain] com.zaxxer.hikari.HikariDataSource       : testdb - Start completed.
2018-01-06 11:38:08.803  INFO [-,,,] 17240 --- [restartedMain] jdbc.audit                               : 1. Connection.getMetaData() returned dbMeta0: conn0: url=jdbc:h2:file:./target/db/testdb user=SA
2018-01-06 11:38:08.809  INFO [-,,,] 17240 --- [restartedMain] jdbc.audit                               : 1. Connection.clearWarnings() returned 
2018-01-06 11:38:08.828  INFO [-,,,] 17240 --- [restartedMain] jdbc.audit                               : 1. Connection.getMetaData() returned dbMeta1: conn0: url=jdbc:h2:file:./target/db/testdb user=SA
2018-01-06 11:38:08.828  INFO [-,,,] 17240 --- [restartedMain] jdbc.audit                               : 1. Connection.clearWarnings() returned 
2018-01-06 11:38:08.860  INFO [-,,,] 17240 --- [restartedMain] j.LocalContainerEntityManagerFactoryBean : Building JPA container EntityManagerFactory for persistence unit 'default'
2018-01-06 11:38:08.874  INFO [-,,,] 17240 --- [restartedMain] o.hibernate.jpa.internal.util.LogHelper  : HHH000204: Processing PersistenceUnitInfo [
	name: default
	...]
2018-01-06 11:38:08.900  INFO [-,,,] 17240 --- [testdb connection adder] jdbc.connection                          : 2. Connection opened
2018-01-06 11:38:08.901  INFO [-,,,] 17240 --- [testdb connection adder] jdbc.audit                               : 2. Connection.new Connection returned 
2018-01-06 11:38:08.901  INFO [-,,,] 17240 --- [testdb connection adder] jdbc.audit                               : 2. Connection.setReadOnly(false) returned 
2018-01-06 11:38:08.901  INFO [-,,,] 17240 --- [testdb connection adder] jdbc.audit                               : 2. Connection.setAutoCommit(true) returned 
2018-01-06 11:38:08.902  INFO [-,,,] 17240 --- [testdb connection adder] jdbc.connection                          : 3. Connection opened
2018-01-06 11:38:08.902  INFO [-,,,] 17240 --- [testdb connection adder] jdbc.audit                               : 3. Connection.new Connection returned 
2018-01-06 11:38:08.902  INFO [-,,,] 17240 --- [testdb connection adder] jdbc.audit                               : 3. Connection.setReadOnly(false) returned 
2018-01-06 11:38:08.902  INFO [-,,,] 17240 --- [testdb connection adder] jdbc.audit                               : 3. Connection.setAutoCommit(true) returned 
2018-01-06 11:38:08.903  INFO [-,,,] 17240 --- [testdb connection adder] jdbc.connection                          : 4. Connection opened
2018-01-06 11:38:08.903  INFO [-,,,] 17240 --- [testdb connection adder] jdbc.audit                               : 4. Connection.new Connection returned 
2018-01-06 11:38:08.903  INFO [-,,,] 17240 --- [testdb connection adder] jdbc.audit                               : 4. Connection.setReadOnly(false) returned 
2018-01-06 11:38:08.904  INFO [-,,,] 17240 --- [testdb connection adder] jdbc.audit                               : 4. Connection.setAutoCommit(true) returned 
2018-01-06 11:38:08.904  INFO [-,,,] 17240 --- [testdb connection adder] jdbc.connection                          : 5. Connection opened
2018-01-06 11:38:08.904  INFO [-,,,] 17240 --- [testdb connection adder] jdbc.audit                               : 5. Connection.new Connection returned 
2018-01-06 11:38:08.905  INFO [-,,,] 17240 --- [testdb connection adder] jdbc.audit                               : 5. Connection.setReadOnly(false) returned 
2018-01-06 11:38:08.905  INFO [-,,,] 17240 --- [testdb connection adder] jdbc.audit                               : 5. Connection.setAutoCommit(true) returned 
2018-01-06 11:38:08.905  INFO [-,,,] 17240 --- [testdb connection adder] jdbc.connection                          : 6. Connection opened
2018-01-06 11:38:08.905  INFO [-,,,] 17240 --- [testdb connection adder] jdbc.audit                               : 6. Connection.new Connection returned 
2018-01-06 11:38:08.906  INFO [-,,,] 17240 --- [testdb connection adder] jdbc.audit                               : 6. Connection.setReadOnly(false) returned 
2018-01-06 11:38:08.906  INFO [-,,,] 17240 --- [testdb connection adder] jdbc.audit                               : 6. Connection.setAutoCommit(true) returned 
2018-01-06 11:38:08.906  INFO [-,,,] 17240 --- [testdb connection adder] jdbc.connection                          : 7. Connection opened
2018-01-06 11:38:08.907  INFO [-,,,] 17240 --- [testdb connection adder] jdbc.audit                               : 7. Connection.new Connection returned 
2018-01-06 11:38:08.907  INFO [-,,,] 17240 --- [testdb connection adder] jdbc.audit                               : 7. Connection.setReadOnly(false) returned 
2018-01-06 11:38:08.907  INFO [-,,,] 17240 --- [testdb connection adder] jdbc.audit                               : 7. Connection.setAutoCommit(true) returned 
2018-01-06 11:38:08.908  INFO [-,,,] 17240 --- [testdb connection adder] jdbc.connection                          : 8. Connection opened
2018-01-06 11:38:08.908  INFO [-,,,] 17240 --- [testdb connection adder] jdbc.audit                               : 8. Connection.new Connection returned 
2018-01-06 11:38:08.908  INFO [-,,,] 17240 --- [testdb connection adder] jdbc.audit                               : 8. Connection.setReadOnly(false) returned 
2018-01-06 11:38:08.908  INFO [-,,,] 17240 --- [testdb connection adder] jdbc.audit                               : 8. Connection.setAutoCommit(true) returned 
2018-01-06 11:38:08.909  INFO [-,,,] 17240 --- [testdb connection adder] jdbc.connection                          : 9. Connection opened
2018-01-06 11:38:08.909  INFO [-,,,] 17240 --- [testdb connection adder] jdbc.audit                               : 9. Connection.new Connection returned 
2018-01-06 11:38:08.909  INFO [-,,,] 17240 --- [testdb connection adder] jdbc.audit                               : 9. Connection.setReadOnly(false) returned 
2018-01-06 11:38:08.909  INFO [-,,,] 17240 --- [testdb connection adder] jdbc.audit                               : 9. Connection.setAutoCommit(true) returned 
2018-01-06 11:38:08.910  INFO [-,,,] 17240 --- [testdb connection adder] jdbc.connection                          : 10. Connection opened
2018-01-06 11:38:08.910  INFO [-,,,] 17240 --- [testdb connection adder] jdbc.audit                               : 10. Connection.new Connection returned 
2018-01-06 11:38:08.910  INFO [-,,,] 17240 --- [testdb connection adder] jdbc.audit                               : 10. Connection.setReadOnly(false) returned 
2018-01-06 11:38:08.910  INFO [-,,,] 17240 --- [testdb connection adder] jdbc.audit                               : 10. Connection.setAutoCommit(true) returned 
2018-01-06 11:38:08.978  INFO [-,,,] 17240 --- [restartedMain] org.hibernate.Version                    : HHH000412: Hibernate Core {5.2.12.Final}
2018-01-06 11:38:08.979  INFO [-,,,] 17240 --- [restartedMain] org.hibernate.cfg.Environment            : HHH000206: hibernate.properties not found
2018-01-06 11:38:09.032  INFO [-,,,] 17240 --- [restartedMain] o.hibernate.annotations.common.Version   : HCANN000001: Hibernate Commons Annotations {5.0.1.Final}
2018-01-06 11:38:09.162  INFO [-,,,] 17240 --- [restartedMain] jdbc.audit                               : 1. Connection.getMetaData() returned dbMeta2: conn0: url=jdbc:h2:file:./target/db/testdb user=SA
2018-01-06 11:38:09.171  INFO [-,,,] 17240 --- [restartedMain] org.hibernate.dialect.Dialect            : HHH000400: Using dialect: org.hibernate.dialect.H2Dialect
2018-01-06 11:38:09.236  INFO [-,,,] 17240 --- [restartedMain] jdbc.audit                               : 1. Connection.clearWarnings() returned 
2018-01-06 11:38:09.674  INFO [-,,,] 17240 --- [restartedMain] jdbc.audit                               : 1. Connection.isValid(5) returned true
2018-01-06 11:38:09.675  INFO [-,,,] 17240 --- [restartedMain] jdbc.audit                               : 1. Connection.getAutoCommit() returned true
2018-01-06 11:38:09.676  INFO [-,,,] 17240 --- [restartedMain] jdbc.audit                               : 1. Statement.new Statement returned 
2018-01-06 11:38:09.676  INFO [-,,,] 17240 --- [restartedMain] jdbc.audit                               : 1. Connection.createStatement() returned net.sf.log4jdbc.StatementSpy@73910222
2018-01-06 11:38:09.678  INFO [-,,,] 17240 --- [restartedMain] jdbc.sqlonly                             : select SEQUENCE_CATALOG, SEQUENCE_SCHEMA, SEQUENCE_NAME, INCREMENT from information_schema.sequences 

2018-01-06 11:38:09.678  INFO [-,,,] 17240 --- [restartedMain] jdbc.sqltiming                           : select SEQUENCE_CATALOG, SEQUENCE_SCHEMA, SEQUENCE_NAME, INCREMENT from information_schema.sequences 
 {executed in 0 msec}
2018-01-06 11:38:09.681  INFO [-,,,] 17240 --- [restartedMain] jdbc.resultset                           : 1. ResultSet.new ResultSet returned 
2018-01-06 11:38:09.681  INFO [-,,,] 17240 --- [restartedMain] jdbc.audit                               : 1. Statement.executeQuery(select SEQUENCE_CATALOG, SEQUENCE_SCHEMA, SEQUENCE_NAME, INCREMENT from information_schema.sequences) returned net.sf.log4jdbc.ResultSetSpy@6440ab9c
2018-01-06 11:38:09.685  INFO [-,,,] 17240 --- [restartedMain] jdbc.resultset                           : 1. ResultSet.next() returned true
2018-01-06 11:38:09.686  INFO [-,,,] 17240 --- [restartedMain] jdbc.resultset                           : 1. ResultSet.getString(SEQUENCE_CATALOG) returned TESTDB
2018-01-06 11:38:09.686  INFO [-,,,] 17240 --- [restartedMain] jdbc.resultset                           : 1. ResultSet.getString(SEQUENCE_SCHEMA) returned PUBLIC
2018-01-06 11:38:09.686  INFO [-,,,] 17240 --- [restartedMain] jdbc.resultset                           : 1. ResultSet.getString(SEQUENCE_NAME) returned SYSTEM_SEQUENCE_3070C505_847D_42E1_A836_53B41B3C6447
2018-01-06 11:38:09.686  INFO [-,,,] 17240 --- [restartedMain] jdbc.resultset                           : 1. ResultSet.getInt(INCREMENT) returned 1
2018-01-06 11:38:09.687  INFO [-,,,] 17240 --- [restartedMain] jdbc.resultsettable                      : |-----------------|----------------|-----------------------------------------------------|----------|
2018-01-06 11:38:09.687  INFO [-,,,] 17240 --- [restartedMain] jdbc.resultsettable                      : |SEQUENCE_CATALOG |SEQUENCE_SCHEMA |SEQUENCE_NAME                                        |INCREMENT |
2018-01-06 11:38:09.688  INFO [-,,,] 17240 --- [restartedMain] jdbc.resultsettable                      : |-----------------|----------------|-----------------------------------------------------|----------|
2018-01-06 11:38:09.688  INFO [-,,,] 17240 --- [restartedMain] jdbc.resultsettable                      : |TESTDB           |PUBLIC          |SYSTEM_SEQUENCE_3070C505_847D_42E1_A836_53B41B3C6447 |1         |
2018-01-06 11:38:09.688  INFO [-,,,] 17240 --- [restartedMain] jdbc.resultsettable                      : |-----------------|----------------|-----------------------------------------------------|----------|
2018-01-06 11:38:09.689  INFO [-,,,] 17240 --- [restartedMain] jdbc.resultset                           : 1. ResultSet.next() returned false
2018-01-06 11:38:09.689  INFO [-,,,] 17240 --- [restartedMain] jdbc.resultset                           : 1. ResultSet.close() returned null
2018-01-06 11:38:09.689  INFO [-,,,] 17240 --- [restartedMain] jdbc.audit                               : 1. Statement.close() returned 
2018-01-06 11:38:09.693  INFO [-,,,] 17240 --- [restartedMain] jdbc.audit                               : 1. Connection.getMetaData() returned dbMeta4: conn0: url=jdbc:h2:file:./target/db/testdb user=SA
2018-01-06 11:38:09.711  INFO [-,,,] 17240 --- [restartedMain] jdbc.audit                               : 1. Connection.clearWarnings() returned 
2018-01-06 11:38:09.715  INFO [-,,,] 17240 --- [restartedMain] j.LocalContainerEntityManagerFactoryBean : Initialized JPA EntityManagerFactory for persistence unit 'default'
2018-01-06 11:38:09.832  INFO [-,,,] 17240 --- [restartedMain] jdbc.audit                               : 1. Connection.getMetaData() returned dbMeta5: conn0: url=jdbc:h2:file:./target/db/testdb user=SA
2018-01-06 11:38:09.832  INFO [-,,,] 17240 --- [restartedMain] jdbc.audit                               : 1. Connection.clearWarnings() returned 
2018-01-06 11:38:10.158  INFO [-,,,] 17240 --- [restartedMain] jdbc.audit                               : 1. Connection.getAutoCommit() returned true
2018-01-06 11:38:10.158  INFO [-,,,] 17240 --- [restartedMain] jdbc.audit                               : 1. Connection.setAutoCommit(false) returned 
2018-01-06 11:38:10.172  INFO [-,,,] 17240 --- [restartedMain] jdbc.audit                               : 1. PreparedStatement.new PreparedStatement returned 
2018-01-06 11:38:10.172  INFO [-,,,] 17240 --- [restartedMain] jdbc.audit                               : 1. Connection.prepareStatement(select employee0_.id as id1_0_0_, employee0_.age as age2_0_0_, employee0_.name as name3_0_0_ from t_employee employee0_ where employee0_.id=?) returned net.sf.log4jdbc.PreparedStatementSpy@5f099ed9
2018-01-06 11:38:10.175  INFO [-,,,] 17240 --- [restartedMain] jdbc.audit                               : 1. PreparedStatement.setString(1, "u001") returned 
2018-01-06 11:38:10.176  INFO [-,,,] 17240 --- [restartedMain] jdbc.sqlonly                             : select employee0_.id as id1_0_0_, employee0_.age as age2_0_0_, employee0_.name as name3_0_0_ 
from t_employee employee0_ where employee0_.id='u001' 
2018-01-06 11:38:10.176  INFO [-,,,] 17240 --- [restartedMain] jdbc.sqltiming                           : select employee0_.id as id1_0_0_, employee0_.age as age2_0_0_, employee0_.name as name3_0_0_ 
from t_employee employee0_ where employee0_.id='u001'  {executed in 0 msec}
2018-01-06 11:38:10.176  INFO [-,,,] 17240 --- [restartedMain] jdbc.resultset                           : 1. ResultSet.new ResultSet returned 
2018-01-06 11:38:10.176  INFO [-,,,] 17240 --- [restartedMain] jdbc.audit                               : 1. PreparedStatement.executeQuery() returned net.sf.log4jdbc.ResultSetSpy@2e24bc56
2018-01-06 11:38:10.177  INFO [-,,,] 17240 --- [restartedMain] jdbc.resultset                           : 1. ResultSet.next() returned true
2018-01-06 11:38:10.182  INFO [-,,,] 17240 --- [restartedMain] jdbc.resultset                           : 1. ResultSet.getInt(age2_0_0_) returned 33
2018-01-06 11:38:10.182  INFO [-,,,] 17240 --- [restartedMain] jdbc.resultset                           : 1. ResultSet.wasNull() returned false
2018-01-06 11:38:10.183  INFO [-,,,] 17240 --- [restartedMain] jdbc.resultset                           : 1. ResultSet.getString(name3_0_0_) returned taka
2018-01-06 11:38:10.183  INFO [-,,,] 17240 --- [restartedMain] jdbc.resultset                           : 1. ResultSet.wasNull() returned false
2018-01-06 11:38:10.184  INFO [-,,,] 17240 --- [restartedMain] jdbc.resultsettable                      : |---------|----|-----|
2018-01-06 11:38:10.185  INFO [-,,,] 17240 --- [restartedMain] jdbc.resultsettable                      : |ID       |AGE |NAME |
2018-01-06 11:38:10.185  INFO [-,,,] 17240 --- [restartedMain] jdbc.resultsettable                      : |---------|----|-----|
2018-01-06 11:38:10.185  INFO [-,,,] 17240 --- [restartedMain] jdbc.resultsettable                      : |[unread] |33  |taka |
2018-01-06 11:38:10.185  INFO [-,,,] 17240 --- [restartedMain] jdbc.resultsettable                      : |---------|----|-----|
2018-01-06 11:38:10.185  INFO [-,,,] 17240 --- [restartedMain] jdbc.resultset                           : 1. ResultSet.next() returned false
2018-01-06 11:38:10.189  INFO [-,,,] 17240 --- [restartedMain] jdbc.resultset                           : 1. ResultSet.close() returned null
2018-01-06 11:38:10.189  INFO [-,,,] 17240 --- [restartedMain] jdbc.audit                               : 1. PreparedStatement.getMaxRows() returned 0
2018-01-06 11:38:10.190  INFO [-,,,] 17240 --- [restartedMain] jdbc.audit                               : 1. PreparedStatement.getQueryTimeout() returned 0
2018-01-06 11:38:10.190  INFO [-,,,] 17240 --- [restartedMain] jdbc.audit                               : 1. PreparedStatement.close() returned 
2018-01-06 11:38:10.196  INFO [-,,,] 17240 --- [restartedMain] jdbc.audit                               : 1. Connection.commit() returned 
2018-01-06 11:38:10.196  INFO [-,,,] 17240 --- [restartedMain] jdbc.audit                               : 1. Connection.setAutoCommit(true) returned 
2018-01-06 11:38:10.197  INFO [-,,,] 17240 --- [restartedMain] jdbc.audit                               : 1. Connection.getWarnings() returned null
2018-01-06 11:38:10.197  INFO [-,,,] 17240 --- [restartedMain] jdbc.audit                               : 1. Connection.clearWarnings() returned 
2018-01-06 11:38:10.197  INFO [-,,,] 17240 --- [restartedMain] jdbc.audit                               : 1. Connection.clearWarnings() returned 
2018-01-06 11:38:10.931  WARN [-,,,] 17240 --- [restartedMain] aWebConfiguration$JpaWebMvcConfiguration : spring.jpa.open-in-view is enabled by default. Therefore, database queries may be performed during view rendering. Explicitly configure spring.jpa.open-in-view to disable this warning
2018-01-06 11:38:11.252  INFO [-,,,] 17240 --- [restartedMain] s.w.s.m.m.a.RequestMappingHandlerMapping : Mapped "{[/hello],methods=[GET]}" onto public java.lang.String com.example.takahashi.springotamashi.HelloController.hello()
2018-01-06 11:38:11.253  INFO [-,,,] 17240 --- [restartedMain] s.w.s.m.m.a.RequestMappingHandlerMapping : Mapped "{[/api/hello],methods=[GET]}" onto public com.example.takahashi.springotamashi.Employee com.example.takahashi.springotamashi.HelloRestController.hello()
2018-01-06 11:38:11.255  INFO [-,,,] 17240 --- [restartedMain] s.w.s.m.m.a.RequestMappingHandlerMapping : Mapped "{[/loginForm]}" onto public java.lang.String com.example.takahashi.springotamashi.LoginController.top(org.springframework.ui.Model)
2018-01-06 11:38:11.259  INFO [-,,,] 17240 --- [restartedMain] s.w.s.m.m.a.RequestMappingHandlerMapping : Mapped "{[/swagger-resources/configuration/security]}" onto public org.springframework.http.ResponseEntity<springfox.documentation.swagger.web.SecurityConfiguration> springfox.documentation.swagger.web.ApiResourceController.securityConfiguration()
2018-01-06 11:38:11.260  INFO [-,,,] 17240 --- [restartedMain] s.w.s.m.m.a.RequestMappingHandlerMapping : Mapped "{[/swagger-resources/configuration/ui]}" onto public org.springframework.http.ResponseEntity<springfox.documentation.swagger.web.UiConfiguration> springfox.documentation.swagger.web.ApiResourceController.uiConfiguration()
2018-01-06 11:38:11.261  INFO [-,,,] 17240 --- [restartedMain] s.w.s.m.m.a.RequestMappingHandlerMapping : Mapped "{[/swagger-resources]}" onto public org.springframework.http.ResponseEntity<java.util.List<springfox.documentation.swagger.web.SwaggerResource>> springfox.documentation.swagger.web.ApiResourceController.swaggerResources()
2018-01-06 11:38:11.268  INFO [-,,,] 17240 --- [restartedMain] s.w.s.m.m.a.RequestMappingHandlerMapping : Mapped "{[/error]}" onto public org.springframework.http.ResponseEntity<java.util.Map<java.lang.String, java.lang.Object>> org.springframework.boot.autoconfigure.web.servlet.error.BasicErrorController.error(javax.servlet.http.HttpServletRequest)
2018-01-06 11:38:11.269  INFO [-,,,] 17240 --- [restartedMain] s.w.s.m.m.a.RequestMappingHandlerMapping : Mapped "{[/error],produces=[text/html]}" onto public org.springframework.web.servlet.ModelAndView org.springframework.boot.autoconfigure.web.servlet.error.BasicErrorController.errorHtml(javax.servlet.http.HttpServletRequest,javax.servlet.http.HttpServletResponse)
2018-01-06 11:38:11.656  INFO [-,,,] 17240 --- [restartedMain] pertySourcedRequestMappingHandlerMapping : Mapped URL path [/v2/api-docs] onto method [public org.springframework.http.ResponseEntity<springfox.documentation.spring.web.json.Json> springfox.documentation.swagger2.web.Swagger2Controller.getDocumentation(java.lang.String,javax.servlet.http.HttpServletRequest)]
2018-01-06 11:38:12.130  INFO [-,,,] 17240 --- [restartedMain] o.s.s.web.DefaultSecurityFilterChain     : Creating filter chain: Ant [pattern='/webjars/**'], []
2018-01-06 11:38:12.131  INFO [-,,,] 17240 --- [restartedMain] o.s.s.web.DefaultSecurityFilterChain     : Creating filter chain: Ant [pattern='/css/**'], []
2018-01-06 11:38:12.131  INFO [-,,,] 17240 --- [restartedMain] o.s.s.web.DefaultSecurityFilterChain     : Creating filter chain: Ant [pattern='/fonts/**'], []
2018-01-06 11:38:12.131  INFO [-,,,] 17240 --- [restartedMain] o.s.s.web.DefaultSecurityFilterChain     : Creating filter chain: Ant [pattern='/html/**'], []
2018-01-06 11:38:12.131  INFO [-,,,] 17240 --- [restartedMain] o.s.s.web.DefaultSecurityFilterChain     : Creating filter chain: Ant [pattern='/images/**'], []
2018-01-06 11:38:12.131  INFO [-,,,] 17240 --- [restartedMain] o.s.s.web.DefaultSecurityFilterChain     : Creating filter chain: Ant [pattern='/js/**'], []
2018-01-06 11:38:12.238  INFO [-,,,] 17240 --- [restartedMain] o.s.s.web.DefaultSecurityFilterChain     : Creating filter chain: org.springframework.security.web.util.matcher.AnyRequestMatcher@1, [org.springframework.security.web.context.request.async.WebAsyncManagerIntegrationFilter@19c4fdb1, org.springframework.security.web.context.SecurityContextPersistenceFilter@1deec20c, org.springframework.security.web.header.HeaderWriterFilter@26a59695, org.springframework.security.web.csrf.CsrfFilter@678775c8, org.springframework.security.web.authentication.logout.LogoutFilter@3d7bf27, org.springframework.security.web.authentication.UsernamePasswordAuthenticationFilter@13e56fbd, org.springframework.security.web.savedrequest.RequestCacheAwareFilter@1a99f67e, org.springframework.security.web.servletapi.SecurityContextHolderAwareRequestFilter@7fbd5340, org.springframework.security.web.authentication.AnonymousAuthenticationFilter@1a720c53, org.springframework.security.web.session.SessionManagementFilter@7fbc0fa8, org.springframework.security.web.access.ExceptionTranslationFilter@165ee2fa, org.springframework.security.web.access.intercept.FilterSecurityInterceptor@45d0fab2]
2018-01-06 11:38:12.713  INFO [-,,,] 17240 --- [restartedMain] s.w.s.m.m.a.RequestMappingHandlerAdapter : Looking for @ControllerAdvice: org.springframework.boot.web.servlet.context.AnnotationConfigServletWebServerApplicationContext@4612aebe: startup date [Sat Jan 06 11:38:05 JST 2018]; parent: org.springframework.context.annotation.AnnotationConfigApplicationContext@2a583a3
2018-01-06 11:38:12.809  INFO [-,,,] 17240 --- [restartedMain] o.s.w.s.handler.SimpleUrlHandlerMapping  : Mapped URL path [/webjars/**] onto handler of type [class org.springframework.web.servlet.resource.ResourceHttpRequestHandler]
2018-01-06 11:38:12.809  INFO [-,,,] 17240 --- [restartedMain] o.s.w.s.handler.SimpleUrlHandlerMapping  : Mapped URL path [/**] onto handler of type [class org.springframework.web.servlet.resource.ResourceHttpRequestHandler]
2018-01-06 11:38:12.842  INFO [-,,,] 17240 --- [restartedMain] .m.m.a.ExceptionHandlerExceptionResolver : Detected @ExceptionHandler methods in repositoryRestExceptionHandler
2018-01-06 11:38:12.939  INFO [-,,,] 17240 --- [restartedMain] o.s.w.s.handler.SimpleUrlHandlerMapping  : Mapped URL path [/**/favicon.ico] onto handler of type [class org.springframework.web.servlet.resource.ResourceHttpRequestHandler]
2018-01-06 11:38:13.000  WARN [-,,,] 17240 --- [restartedMain] org.thymeleaf.templatemode.TemplateMode  : [THYMELEAF][restartedMain] Template Mode 'LEGACYHTML5' is deprecated. Using Template Mode 'HTML' instead.
2018-01-06 11:38:13.187  INFO [-,,,] 17240 --- [restartedMain] o.s.d.r.w.RepositoryRestHandlerAdapter   : Looking for @ControllerAdvice: org.springframework.boot.web.servlet.context.AnnotationConfigServletWebServerApplicationContext@4612aebe: startup date [Sat Jan 06 11:38:05 JST 2018]; parent: org.springframework.context.annotation.AnnotationConfigApplicationContext@2a583a3
2018-01-06 11:38:13.235  INFO [-,,,] 17240 --- [restartedMain] o.s.d.r.w.RepositoryRestHandlerMapping   : Mapped "{[/ || ],methods=[HEAD],produces=[application/hal+json || application/json]}" onto public org.springframework.http.ResponseEntity<?> org.springframework.data.rest.webmvc.RepositoryController.headForRepositories()
2018-01-06 11:38:13.236  INFO [-,,,] 17240 --- [restartedMain] o.s.d.r.w.RepositoryRestHandlerMapping   : Mapped "{[/ || ],methods=[OPTIONS],produces=[application/hal+json || application/json]}" onto public org.springframework.http.HttpEntity<?> org.springframework.data.rest.webmvc.RepositoryController.optionsForRepositories()
2018-01-06 11:38:13.236  INFO [-,,,] 17240 --- [restartedMain] o.s.d.r.w.RepositoryRestHandlerMapping   : Mapped "{[/ || ],methods=[GET],produces=[application/hal+json || application/json]}" onto public org.springframework.http.HttpEntity<org.springframework.data.rest.webmvc.RepositoryLinksResource> org.springframework.data.rest.webmvc.RepositoryController.listRepositories()
2018-01-06 11:38:13.239  INFO [-,,,] 17240 --- [restartedMain] o.s.d.r.w.RepositoryRestHandlerMapping   : Mapped "{[/{repository}],methods=[OPTIONS],produces=[application/hal+json || application/json]}" onto public org.springframework.http.ResponseEntity<?> org.springframework.data.rest.webmvc.RepositoryEntityController.optionsForCollectionResource(org.springframework.data.rest.webmvc.RootResourceInformation)
2018-01-06 11:38:13.240  INFO [-,,,] 17240 --- [restartedMain] o.s.d.r.w.RepositoryRestHandlerMapping   : Mapped "{[/{repository}],methods=[HEAD],produces=[application/hal+json || application/json]}" onto public org.springframework.http.ResponseEntity<?> org.springframework.data.rest.webmvc.RepositoryEntityController.headCollectionResource(org.springframework.data.rest.webmvc.RootResourceInformation,org.springframework.data.rest.webmvc.support.DefaultedPageable) throws org.springframework.web.HttpRequestMethodNotSupportedException
2018-01-06 11:38:13.241  INFO [-,,,] 17240 --- [restartedMain] o.s.d.r.w.RepositoryRestHandlerMapping   : Mapped "{[/{repository}],methods=[GET],produces=[application/hal+json || application/json]}" onto public org.springframework.hateoas.Resources<?> org.springframework.data.rest.webmvc.RepositoryEntityController.getCollectionResource(org.springframework.data.rest.webmvc.RootResourceInformation,org.springframework.data.rest.webmvc.support.DefaultedPageable,org.springframework.data.domain.Sort,org.springframework.data.rest.webmvc.PersistentEntityResourceAssembler) throws org.springframework.data.rest.webmvc.ResourceNotFoundException,org.springframework.web.HttpRequestMethodNotSupportedException
2018-01-06 11:38:13.241  INFO [-,,,] 17240 --- [restartedMain] o.s.d.r.w.RepositoryRestHandlerMapping   : Mapped "{[/{repository}],methods=[GET],produces=[application/x-spring-data-compact+json || text/uri-list]}" onto public org.springframework.hateoas.Resources<?> org.springframework.data.rest.webmvc.RepositoryEntityController.getCollectionResourceCompact(org.springframework.data.rest.webmvc.RootResourceInformation,org.springframework.data.rest.webmvc.support.DefaultedPageable,org.springframework.data.domain.Sort,org.springframework.data.rest.webmvc.PersistentEntityResourceAssembler) throws org.springframework.data.rest.webmvc.ResourceNotFoundException,org.springframework.web.HttpRequestMethodNotSupportedException
2018-01-06 11:38:13.242  INFO [-,,,] 17240 --- [restartedMain] o.s.d.r.w.RepositoryRestHandlerMapping   : Mapped "{[/{repository}],methods=[POST],produces=[application/hal+json || application/json]}" onto public org.springframework.http.ResponseEntity<org.springframework.hateoas.ResourceSupport> org.springframework.data.rest.webmvc.RepositoryEntityController.postCollectionResource(org.springframework.data.rest.webmvc.RootResourceInformation,org.springframework.data.rest.webmvc.PersistentEntityResource,org.springframework.data.rest.webmvc.PersistentEntityResourceAssembler,java.lang.String) throws org.springframework.web.HttpRequestMethodNotSupportedException
2018-01-06 11:38:13.242  INFO [-,,,] 17240 --- [restartedMain] o.s.d.r.w.RepositoryRestHandlerMapping   : Mapped "{[/{repository}/{id}],methods=[OPTIONS],produces=[application/hal+json || application/json]}" onto public org.springframework.http.ResponseEntity<?> org.springframework.data.rest.webmvc.RepositoryEntityController.optionsForItemResource(org.springframework.data.rest.webmvc.RootResourceInformation)
2018-01-06 11:38:13.243  INFO [-,,,] 17240 --- [restartedMain] o.s.d.r.w.RepositoryRestHandlerMapping   : Mapped "{[/{repository}/{id}],methods=[HEAD],produces=[application/hal+json || application/json]}" onto public org.springframework.http.ResponseEntity<?> org.springframework.data.rest.webmvc.RepositoryEntityController.headForItemResource(org.springframework.data.rest.webmvc.RootResourceInformation,java.io.Serializable,org.springframework.data.rest.webmvc.PersistentEntityResourceAssembler) throws org.springframework.web.HttpRequestMethodNotSupportedException
2018-01-06 11:38:13.243  INFO [-,,,] 17240 --- [restartedMain] o.s.d.r.w.RepositoryRestHandlerMapping   : Mapped "{[/{repository}/{id}],methods=[GET],produces=[application/hal+json || application/json]}" onto public org.springframework.http.ResponseEntity<org.springframework.hateoas.Resource<?>> org.springframework.data.rest.webmvc.RepositoryEntityController.getItemResource(org.springframework.data.rest.webmvc.RootResourceInformation,java.io.Serializable,org.springframework.data.rest.webmvc.PersistentEntityResourceAssembler,org.springframework.http.HttpHeaders) throws org.springframework.web.HttpRequestMethodNotSupportedException
2018-01-06 11:38:13.244  INFO [-,,,] 17240 --- [restartedMain] o.s.d.r.w.RepositoryRestHandlerMapping   : Mapped "{[/{repository}/{id}],methods=[PUT],produces=[application/hal+json || application/json]}" onto public org.springframework.http.ResponseEntity<? extends org.springframework.hateoas.ResourceSupport> org.springframework.data.rest.webmvc.RepositoryEntityController.putItemResource(org.springframework.data.rest.webmvc.RootResourceInformation,org.springframework.data.rest.webmvc.PersistentEntityResource,java.io.Serializable,org.springframework.data.rest.webmvc.PersistentEntityResourceAssembler,org.springframework.data.rest.webmvc.support.ETag,java.lang.String) throws org.springframework.web.HttpRequestMethodNotSupportedException
2018-01-06 11:38:13.244  INFO [-,,,] 17240 --- [restartedMain] o.s.d.r.w.RepositoryRestHandlerMapping   : Mapped "{[/{repository}/{id}],methods=[PATCH],produces=[application/hal+json || application/json]}" onto public org.springframework.http.ResponseEntity<org.springframework.hateoas.ResourceSupport> org.springframework.data.rest.webmvc.RepositoryEntityController.patchItemResource(org.springframework.data.rest.webmvc.RootResourceInformation,org.springframework.data.rest.webmvc.PersistentEntityResource,java.io.Serializable,org.springframework.data.rest.webmvc.PersistentEntityResourceAssembler,org.springframework.data.rest.webmvc.support.ETag,java.lang.String) throws org.springframework.web.HttpRequestMethodNotSupportedException,org.springframework.data.rest.webmvc.ResourceNotFoundException
2018-01-06 11:38:13.245  INFO [-,,,] 17240 --- [restartedMain] o.s.d.r.w.RepositoryRestHandlerMapping   : Mapped "{[/{repository}/{id}],methods=[DELETE],produces=[application/hal+json || application/json]}" onto public org.springframework.http.ResponseEntity<?> org.springframework.data.rest.webmvc.RepositoryEntityController.deleteItemResource(org.springframework.data.rest.webmvc.RootResourceInformation,java.io.Serializable,org.springframework.data.rest.webmvc.support.ETag) throws org.springframework.data.rest.webmvc.ResourceNotFoundException,org.springframework.web.HttpRequestMethodNotSupportedException
2018-01-06 11:38:13.247  INFO [-,,,] 17240 --- [restartedMain] o.s.d.r.w.RepositoryRestHandlerMapping   : Mapped "{[/{repository}/search],methods=[HEAD],produces=[application/hal+json || application/json]}" onto public org.springframework.http.HttpEntity<?> org.springframework.data.rest.webmvc.RepositorySearchController.headForSearches(org.springframework.data.rest.webmvc.RootResourceInformation)
2018-01-06 11:38:13.247  INFO [-,,,] 17240 --- [restartedMain] o.s.d.r.w.RepositoryRestHandlerMapping   : Mapped "{[/{repository}/search],methods=[GET],produces=[application/hal+json || application/json]}" onto public org.springframework.data.rest.webmvc.RepositorySearchesResource org.springframework.data.rest.webmvc.RepositorySearchController.listSearches(org.springframework.data.rest.webmvc.RootResourceInformation)
2018-01-06 11:38:13.248  INFO [-,,,] 17240 --- [restartedMain] o.s.d.r.w.RepositoryRestHandlerMapping   : Mapped "{[/{repository}/search],methods=[OPTIONS],produces=[application/hal+json || application/json]}" onto public org.springframework.http.HttpEntity<?> org.springframework.data.rest.webmvc.RepositorySearchController.optionsForSearches(org.springframework.data.rest.webmvc.RootResourceInformation)
2018-01-06 11:38:13.248  INFO [-,,,] 17240 --- [restartedMain] o.s.d.r.w.RepositoryRestHandlerMapping   : Mapped "{[/{repository}/search/{search}],methods=[GET],produces=[application/hal+json || application/json]}" onto public org.springframework.http.ResponseEntity<?> org.springframework.data.rest.webmvc.RepositorySearchController.executeSearch(org.springframework.data.rest.webmvc.RootResourceInformation,org.springframework.util.MultiValueMap<java.lang.String, java.lang.Object>,java.lang.String,org.springframework.data.rest.webmvc.support.DefaultedPageable,org.springframework.data.domain.Sort,org.springframework.data.rest.webmvc.PersistentEntityResourceAssembler,org.springframework.http.HttpHeaders)
2018-01-06 11:38:13.248  INFO [-,,,] 17240 --- [restartedMain] o.s.d.r.w.RepositoryRestHandlerMapping   : Mapped "{[/{repository}/search/{search}],methods=[GET],produces=[application/x-spring-data-compact+json]}" onto public org.springframework.hateoas.ResourceSupport org.springframework.data.rest.webmvc.RepositorySearchController.executeSearchCompact(org.springframework.data.rest.webmvc.RootResourceInformation,org.springframework.http.HttpHeaders,org.springframework.util.MultiValueMap<java.lang.String, java.lang.Object>,java.lang.String,java.lang.String,org.springframework.data.rest.webmvc.support.DefaultedPageable,org.springframework.data.domain.Sort,org.springframework.data.rest.webmvc.PersistentEntityResourceAssembler)
2018-01-06 11:38:13.249  INFO [-,,,] 17240 --- [restartedMain] o.s.d.r.w.RepositoryRestHandlerMapping   : Mapped "{[/{repository}/search/{search}],methods=[OPTIONS],produces=[application/hal+json || application/json]}" onto public org.springframework.http.ResponseEntity<java.lang.Object> org.springframework.data.rest.webmvc.RepositorySearchController.optionsForSearch(org.springframework.data.rest.webmvc.RootResourceInformation,java.lang.String)
2018-01-06 11:38:13.250  INFO [-,,,] 17240 --- [restartedMain] o.s.d.r.w.RepositoryRestHandlerMapping   : Mapped "{[/{repository}/search/{search}],methods=[HEAD],produces=[application/hal+json || application/json]}" onto public org.springframework.http.ResponseEntity<java.lang.Object> org.springframework.data.rest.webmvc.RepositorySearchController.headForSearch(org.springframework.data.rest.webmvc.RootResourceInformation,java.lang.String)
2018-01-06 11:38:13.252  INFO [-,,,] 17240 --- [restartedMain] o.s.d.r.w.RepositoryRestHandlerMapping   : Mapped "{[/{repository}/{id}/{property}],methods=[GET],produces=[application/hal+json || application/json]}" onto public org.springframework.http.ResponseEntity<org.springframework.hateoas.ResourceSupport> org.springframework.data.rest.webmvc.RepositoryPropertyReferenceController.followPropertyReference(org.springframework.data.rest.webmvc.RootResourceInformation,java.io.Serializable,java.lang.String,org.springframework.data.rest.webmvc.PersistentEntityResourceAssembler) throws java.lang.Exception
2018-01-06 11:38:13.253  INFO [-,,,] 17240 --- [restartedMain] o.s.d.r.w.RepositoryRestHandlerMapping   : Mapped "{[/{repository}/{id}/{property}/{propertyId}],methods=[GET],produces=[application/hal+json || application/json]}" onto public org.springframework.http.ResponseEntity<org.springframework.hateoas.ResourceSupport> org.springframework.data.rest.webmvc.RepositoryPropertyReferenceController.followPropertyReference(org.springframework.data.rest.webmvc.RootResourceInformation,java.io.Serializable,java.lang.String,java.lang.String,org.springframework.data.rest.webmvc.PersistentEntityResourceAssembler) throws java.lang.Exception
2018-01-06 11:38:13.253  INFO [-,,,] 17240 --- [restartedMain] o.s.d.r.w.RepositoryRestHandlerMapping   : Mapped "{[/{repository}/{id}/{property}],methods=[DELETE],produces=[application/hal+json || application/json]}" onto public org.springframework.http.ResponseEntity<? extends org.springframework.hateoas.ResourceSupport> org.springframework.data.rest.webmvc.RepositoryPropertyReferenceController.deletePropertyReference(org.springframework.data.rest.webmvc.RootResourceInformation,java.io.Serializable,java.lang.String) throws java.lang.Exception
2018-01-06 11:38:13.254  INFO [-,,,] 17240 --- [restartedMain] o.s.d.r.w.RepositoryRestHandlerMapping   : Mapped "{[/{repository}/{id}/{property}],methods=[GET],produces=[application/x-spring-data-compact+json || text/uri-list]}" onto public org.springframework.http.ResponseEntity<org.springframework.hateoas.ResourceSupport> org.springframework.data.rest.webmvc.RepositoryPropertyReferenceController.followPropertyReferenceCompact(org.springframework.data.rest.webmvc.RootResourceInformation,java.io.Serializable,java.lang.String,org.springframework.data.rest.webmvc.PersistentEntityResourceAssembler) throws java.lang.Exception
2018-01-06 11:38:13.254  INFO [-,,,] 17240 --- [restartedMain] o.s.d.r.w.RepositoryRestHandlerMapping   : Mapped "{[/{repository}/{id}/{property}],methods=[PATCH || PUT || POST],consumes=[application/json || application/x-spring-data-compact+json || text/uri-list],produces=[application/hal+json || application/json]}" onto public org.springframework.http.ResponseEntity<? extends org.springframework.hateoas.ResourceSupport> org.springframework.data.rest.webmvc.RepositoryPropertyReferenceController.createPropertyReference(org.springframework.data.rest.webmvc.RootResourceInformation,org.springframework.http.HttpMethod,org.springframework.hateoas.Resources<java.lang.Object>,java.io.Serializable,java.lang.String) throws java.lang.Exception
2018-01-06 11:38:13.255  INFO [-,,,] 17240 --- [restartedMain] o.s.d.r.w.RepositoryRestHandlerMapping   : Mapped "{[/{repository}/{id}/{property}/{propertyId}],methods=[DELETE],produces=[application/hal+json || application/json]}" onto public org.springframework.http.ResponseEntity<org.springframework.hateoas.ResourceSupport> org.springframework.data.rest.webmvc.RepositoryPropertyReferenceController.deletePropertyReferenceId(org.springframework.data.rest.webmvc.RootResourceInformation,java.io.Serializable,java.lang.String,java.lang.String) throws java.lang.Exception
2018-01-06 11:38:13.263  INFO [-,,,] 17240 --- [restartedMain] o.s.d.r.w.BasePathAwareHandlerMapping    : Mapped "{[/profile/{repository}],methods=[GET],produces=[application/alps+json || */*]}" onto org.springframework.http.HttpEntity<org.springframework.data.rest.webmvc.RootResourceInformation> org.springframework.data.rest.webmvc.alps.AlpsController.descriptor(org.springframework.data.rest.webmvc.RootResourceInformation)
2018-01-06 11:38:13.263  INFO [-,,,] 17240 --- [restartedMain] o.s.d.r.w.BasePathAwareHandlerMapping    : Mapped "{[/profile/{repository}],methods=[OPTIONS],produces=[application/alps+json]}" onto org.springframework.http.HttpEntity<?> org.springframework.data.rest.webmvc.alps.AlpsController.alpsOptions()
2018-01-06 11:38:13.264  INFO [-,,,] 17240 --- [restartedMain] o.s.d.r.w.BasePathAwareHandlerMapping    : Mapped "{[/profile],methods=[OPTIONS]}" onto public org.springframework.http.HttpEntity<?> org.springframework.data.rest.webmvc.ProfileController.profileOptions()
2018-01-06 11:38:13.264  INFO [-,,,] 17240 --- [restartedMain] o.s.d.r.w.BasePathAwareHandlerMapping    : Mapped "{[/profile],methods=[GET]}" onto org.springframework.http.HttpEntity<org.springframework.hateoas.ResourceSupport> org.springframework.data.rest.webmvc.ProfileController.listAllFormsOfMetadata()
2018-01-06 11:38:13.265  INFO [-,,,] 17240 --- [restartedMain] o.s.d.r.w.BasePathAwareHandlerMapping    : Mapped "{[/profile/{repository}],methods=[GET],produces=[application/schema+json]}" onto public org.springframework.http.HttpEntity<org.springframework.data.rest.webmvc.json.JsonSchema> org.springframework.data.rest.webmvc.RepositorySchemaController.schema(org.springframework.data.rest.webmvc.RootResourceInformation)
2018-01-06 11:38:13.532  INFO [-,,,] 17240 --- [restartedMain] o.s.b.d.a.OptionalLiveReloadServer       : LiveReload server is running on port 35729
2018-01-06 11:38:13.868  INFO [-,,,] 17240 --- [restartedMain] o.s.s.c.ThreadPoolTaskScheduler          : Initializing ExecutorService 
2018-01-06 11:38:14.013  INFO [-,,,] 17240 --- [restartedMain] o.s.j.e.a.AnnotationMBeanExporter        : Registering beans for JMX exposure on startup
2018-01-06 11:38:14.016  INFO [-,,,] 17240 --- [restartedMain] o.s.j.e.a.AnnotationMBeanExporter        : Bean with name 'dataSource' has been autodetected for JMX exposure
2018-01-06 11:38:14.026  INFO [-,,,] 17240 --- [restartedMain] o.s.j.e.a.AnnotationMBeanExporter        : Bean with name 'configurationPropertiesRebinder' has been autodetected for JMX exposure
2018-01-06 11:38:14.027  INFO [-,,,] 17240 --- [restartedMain] o.s.j.e.a.AnnotationMBeanExporter        : Bean with name 'environmentManager' has been autodetected for JMX exposure
2018-01-06 11:38:14.028  INFO [-,,,] 17240 --- [restartedMain] o.s.j.e.a.AnnotationMBeanExporter        : Bean with name 'refreshScope' has been autodetected for JMX exposure
2018-01-06 11:38:14.031  INFO [-,,,] 17240 --- [restartedMain] o.s.j.e.a.AnnotationMBeanExporter        : Located managed bean 'environmentManager': registering with JMX server as MBean [org.springframework.cloud.context.environment:name=environmentManager,type=EnvironmentManager]
2018-01-06 11:38:14.046  INFO [-,,,] 17240 --- [restartedMain] o.s.j.e.a.AnnotationMBeanExporter        : Located managed bean 'refreshScope': registering with JMX server as MBean [org.springframework.cloud.context.scope.refresh:name=refreshScope,type=RefreshScope]
2018-01-06 11:38:14.055  INFO [-,,,] 17240 --- [restartedMain] o.s.j.e.a.AnnotationMBeanExporter        : Located managed bean 'configurationPropertiesRebinder': registering with JMX server as MBean [org.springframework.cloud.context.properties:name=configurationPropertiesRebinder,context=4612aebe,type=ConfigurationPropertiesRebinder]
2018-01-06 11:38:14.061  INFO [-,,,] 17240 --- [restartedMain] o.s.j.e.a.AnnotationMBeanExporter        : Located MBean 'dataSource': registering with JMX server as MBean [com.zaxxer.hikari:name=dataSource,type=HikariDataSource]
2018-01-06 11:38:14.298  INFO [-,,,] 17240 --- [restartedMain] o.s.c.support.DefaultLifecycleProcessor  : Starting beans in phase 2147483647
2018-01-06 11:38:14.299  INFO [-,,,] 17240 --- [restartedMain] d.s.w.p.DocumentationPluginsBootstrapper : Context refreshed
2018-01-06 11:38:14.316  INFO [-,,,] 17240 --- [restartedMain] d.s.w.p.DocumentationPluginsBootstrapper : Found 1 custom documentation plugin(s)
2018-01-06 11:38:14.347  INFO [-,,,] 17240 --- [restartedMain] s.d.s.w.s.ApiListingReferenceScanner     : Scanning for api listing references
2018-01-06 11:38:14.807  INFO [-,,,] 17240 --- [restartedMain] o.s.b.w.embedded.tomcat.TomcatWebServer  : Tomcat started on port(s): 8080 (http)
2018-01-06 11:38:14.815  INFO [-,,,] 17240 --- [restartedMain] c.e.t.s.SpringotamashiApplication        : Started SpringotamashiApplication in 10.663 seconds (JVM running for 11.986)
2018-01-06 12:02:42.580  INFO [-,,,] 17240 --- [RMI TCP Connection(35)-127.0.0.1] inMXBeanRegistrar$SpringApplicationAdmin : Application shutdown requested.
2018-01-06 12:02:42.591  INFO [-,,,] 17240 --- [RMI TCP Connection(35)-127.0.0.1] ConfigServletWebServerApplicationContext : Closing org.springframework.boot.web.servlet.context.AnnotationConfigServletWebServerApplicationContext@4612aebe: startup date [Sat Jan 06 11:38:05 JST 2018]; parent: org.springframework.context.annotation.AnnotationConfigApplicationContext@2a583a3
2018-01-06 12:02:42.639  INFO [-,,,] 17240 --- [RMI TCP Connection(35)-127.0.0.1] o.s.c.support.DefaultLifecycleProcessor  : Stopping beans in phase 2147483647
2018-01-06 12:02:42.651  INFO [-,,,] 17240 --- [RMI TCP Connection(35)-127.0.0.1] o.s.j.e.a.AnnotationMBeanExporter        : Unregistering JMX-exposed beans on shutdown
2018-01-06 12:02:42.652  INFO [-,,,] 17240 --- [RMI TCP Connection(35)-127.0.0.1] o.s.j.e.a.AnnotationMBeanExporter        : Unregistering JMX-exposed beans
2018-01-06 12:02:42.658  INFO [-,,,] 17240 --- [RMI TCP Connection(35)-127.0.0.1] j.LocalContainerEntityManagerFactoryBean : Closing JPA EntityManagerFactory for persistence unit 'default'
2018-01-06 12:02:42.688  INFO [-,,,] 17240 --- [RMI TCP Connection(35)-127.0.0.1] com.zaxxer.hikari.HikariDataSource       : testdb - Shutdown initiated...
2018-01-06 12:02:42.694  INFO [-,,,] 17240 --- [testdb connection closer] jdbc.connection                          : 1. Connection closed
2018-01-06 12:02:42.694  INFO [-,,,] 17240 --- [testdb connection closer] jdbc.audit                               : 1. Connection.close() returned 
2018-01-06 12:02:42.695  INFO [-,,,] 17240 --- [testdb connection closer] jdbc.connection                          : 2. Connection closed
2018-01-06 12:02:42.695  INFO [-,,,] 17240 --- [testdb connection closer] jdbc.audit                               : 2. Connection.close() returned 
2018-01-06 12:02:42.695  INFO [-,,,] 17240 --- [testdb connection closer] jdbc.connection                          : 3. Connection closed
2018-01-06 12:02:42.695  INFO [-,,,] 17240 --- [testdb connection closer] jdbc.audit                               : 3. Connection.close() returned 
2018-01-06 12:02:42.696  INFO [-,,,] 17240 --- [testdb connection closer] jdbc.connection                          : 4. Connection closed
2018-01-06 12:02:42.696  INFO [-,,,] 17240 --- [testdb connection closer] jdbc.audit                               : 4. Connection.close() returned 
2018-01-06 12:02:42.696  INFO [-,,,] 17240 --- [testdb connection closer] jdbc.connection                          : 5. Connection closed
2018-01-06 12:02:42.696  INFO [-,,,] 17240 --- [testdb connection closer] jdbc.audit                               : 5. Connection.close() returned 
2018-01-06 12:02:42.696  INFO [-,,,] 17240 --- [testdb connection closer] jdbc.connection                          : 6. Connection closed
2018-01-06 12:02:42.697  INFO [-,,,] 17240 --- [testdb connection closer] jdbc.audit                               : 6. Connection.close() returned 
2018-01-06 12:02:42.697  INFO [-,,,] 17240 --- [testdb connection closer] jdbc.connection                          : 7. Connection closed
2018-01-06 12:02:42.697  INFO [-,,,] 17240 --- [testdb connection closer] jdbc.audit                               : 7. Connection.close() returned 
2018-01-06 12:02:42.697  INFO [-,,,] 17240 --- [testdb connection closer] jdbc.connection                          : 8. Connection closed
2018-01-06 12:02:42.697  INFO [-,,,] 17240 --- [testdb connection closer] jdbc.audit                               : 8. Connection.close() returned 
2018-01-06 12:02:42.699  INFO [-,,,] 17240 --- [testdb connection closer] jdbc.connection                          : 9. Connection closed
2018-01-06 12:02:42.699  INFO [-,,,] 17240 --- [testdb connection closer] jdbc.audit                               : 9. Connection.close() returned 
2018-01-06 12:02:42.702  INFO [-,,,] 17240 --- [testdb connection closer] jdbc.connection                          : 10. Connection closed
2018-01-06 12:02:42.702  INFO [-,,,] 17240 --- [testdb connection closer] jdbc.audit                               : 10. Connection.close() returned 
2018-01-06 12:02:42.703  INFO [-,,,] 17240 --- [RMI TCP Connection(35)-127.0.0.1] com.zaxxer.hikari.HikariDataSource       : testdb - Shutdown completed.
2018-01-06 12:02:42.848  INFO [-,,,] 17240 --- [RMI TCP Connection(35)-127.0.0.1] o.apache.catalina.core.StandardService   : Stopping service [Tomcat]
